<?xml version="1.0" encoding="UTF-8"?>
<testng-results skipped="0" failed="0" ignored="0" total="1" passed="1">
  <reporter-output>
  </reporter-output>
  <suite name="Default suite" duration-ms="22719" started-at="2022-04-06T06:39:51Z" finished-at="2022-04-06T06:40:13Z">
    <groups>
    </groups>
    <test name="Default test" duration-ms="22719" started-at="2022-04-06T06:39:51Z" finished-at="2022-04-06T06:40:13Z">
      <class name="progj.base">
        <test-method status="PASS" signature="test()[pri:0, instance:progj.base@55a1c291]" name="test" duration-ms="22669" started-at="2022-04-06T06:39:51Z" finished-at="2022-04-06T06:40:13Z">
          <reporter-output>
          </reporter-output>
        </test-method> <!-- test -->
      </class> <!-- progj.base -->
    </test> <!-- Default test -->
  </suite> <!-- Default suite -->
</testng-results>
